<?xml version="1.0" encoding="UTF-8"?>
<!-- Generated by org.testng.reporters.JUnitReportReporter -->
<testsuite hostname="hp" failures="0" tests="1" name="StringPrograms.PrintTheSumOfNumberInAgivenString" time="0.005" errors="0" timestamp="2023-07-21T11:08:07 IST" skipped="0">
  <testcase classname="StringPrograms.PrintTheSumOfNumberInAgivenString" name="method2" time="0.005"/>
  <system-out/>
</testsuite> <!-- StringPrograms.PrintTheSumOfNumberInAgivenString -->
