<?xml version="1.0" encoding="UTF-8"?>
<!-- Generated by org.testng.reporters.JUnitReportReporter -->
<testsuite hostname="hp" failures="0" tests="1" name="StringPrograms.ReverseAString" time="0.006" errors="0" timestamp="2023-07-20T10:16:11 IST" skipped="0">
  <testcase classname="StringPrograms.ReverseAString" name="method6" time="0.006"/>
  <system-out/>
</testsuite> <!-- StringPrograms.ReverseAString -->
