<?xml version="1.0" encoding="UTF-8"?>
<!-- Generated by org.testng.reporters.JUnitReportReporter -->
<testsuite hostname="hp" failures="0" tests="1" name="apractice.MakeMyTripTask2" time="25.975" errors="0" timestamp="2023-07-16T15:33:27 IST" skipped="0">
  <testcase classname="apractice.MakeMyTripTask2" name="test2" time="25.975"/>
  <system-out/>
</testsuite> <!-- apractice.MakeMyTripTask2 -->
