<?xml version="1.0" encoding="UTF-8"?>
<!-- Generated by org.testng.reporters.JUnitReportReporter -->
<testsuite hostname="hp" failures="0" tests="1" name="StringPrograms.FindMinLengthInAString" time="0.010" errors="0" timestamp="2023-07-21T10:58:44 IST" skipped="0">
  <testcase classname="StringPrograms.FindMinLengthInAString" name="FindMinLengthInAStringMethod2" time="0.010"/>
  <system-out/>
</testsuite> <!-- StringPrograms.FindMinLengthInAString -->
