<?xml version="1.0" encoding="UTF-8"?>
<!-- Generated by org.testng.reporters.JUnitReportReporter -->
<testsuite hostname="hp" failures="0" tests="1" name="arrayPrograms.ArrayPrograms" time="0.008" errors="0" timestamp="2023-08-09T17:56:12 IST" skipped="0">
  <testcase classname="arrayPrograms.ArrayPrograms" name="MulOf3MaxNumberInAnArray" time="0.008"/>
  <system-out/>
</testsuite> <!-- arrayPrograms.ArrayPrograms -->
