<?xml version="1.0" encoding="UTF-8"?>
<!-- Generated by org.testng.reporters.JUnitReportReporter -->
<testsuite hostname="hp" failures="0" tests="8" name="apractice.ExcelDataProviderTest" time="0.036" errors="0" timestamp="2023-07-16T16:47:30 IST" skipped="0">
  <testcase classname="apractice.ExcelDataProviderTest" name="getData" time="0.014"/>
  <system-out/>
  <testcase classname="apractice.ExcelDataProviderTest" name="getData" time="0.003"/>
  <system-out/>
  <testcase classname="apractice.ExcelDataProviderTest" name="getData" time="0.003"/>
  <system-out/>
  <testcase classname="apractice.ExcelDataProviderTest" name="getData" time="0.003"/>
  <system-out/>
  <testcase classname="apractice.ExcelDataProviderTest" name="getData" time="0.004"/>
  <system-out/>
  <testcase classname="apractice.ExcelDataProviderTest" name="getData" time="0.002"/>
  <system-out/>
  <testcase classname="apractice.ExcelDataProviderTest" name="getData" time="0.005"/>
  <system-out/>
  <testcase classname="apractice.ExcelDataProviderTest" name="getData" time="0.002"/>
  <system-out/>
</testsuite> <!-- apractice.ExcelDataProviderTest -->
