<?xml version="1.0" encoding="UTF-8"?>
<!-- Generated by org.testng.reporters.JUnitReportReporter -->
<testsuite hostname="hp" failures="0" tests="1" name="apractice.MakeMyTripTask1" time="9.686" errors="0" timestamp="2023-07-14T20:03:56 IST" skipped="0">
  <testcase classname="apractice.MakeMyTripTask1" name="test1" time="9.686"/>
  <system-out/>
</testsuite> <!-- apractice.MakeMyTripTask1 -->
