<?xml version="1.0" encoding="UTF-8"?>
<!-- Generated by org.testng.reporters.JUnitReportReporter -->
<testsuite hostname="hp" failures="0" tests="1" name="StringPrograms.PrintDuplicateWithoutCount" time="0.009" errors="0" timestamp="2023-07-20T11:06:29 IST" skipped="0">
  <testcase classname="StringPrograms.PrintDuplicateWithoutCount" name="printDuplicateWithCount" time="0.009"/>
  <system-out/>
</testsuite> <!-- StringPrograms.PrintDuplicateWithoutCount -->
