<?xml version="1.0" encoding="UTF-8"?>
<!-- Generated by org.testng.reporters.JUnitReportReporter -->
<testsuite hostname="hp" failures="0" tests="1" name="StringPrograms.PrintPositionOfCharacterWithoutDuplicate" time="0.006" errors="0" timestamp="2023-07-20T12:39:26 IST" skipped="0">
  <testcase classname="StringPrograms.PrintPositionOfCharacterWithoutDuplicate" name="occuranceOfEachCharacterUsingMap" time="0.006"/>
  <system-out/>
</testsuite> <!-- StringPrograms.PrintPositionOfCharacterWithoutDuplicate -->
