<?xml version="1.0" encoding="UTF-8"?>
<!-- Generated by org.testng.reporters.JUnitReportReporter -->
<testsuite hostname="hp" failures="0" tests="1" name="StringPrograms.StringPalindrome" time="0.008" errors="0" timestamp="2023-07-20T10:22:02 IST" skipped="0">
  <testcase classname="StringPrograms.StringPalindrome" name="stringPalindrome" time="0.008"/>
  <system-out/>
</testsuite> <!-- StringPrograms.StringPalindrome -->
