<?xml version="1.0" encoding="UTF-8"?>
<!-- Generated by org.testng.reporters.JUnitReportReporter -->
<testsuite hostname="hp" failures="0" tests="1" name="practice.Test1" time="0.007" errors="0" timestamp="2023-07-20T14:57:48 IST" skipped="0">
  <testcase classname="practice.Test1" name="treeMap" time="0.007"/>
  <system-out/>
</testsuite> <!-- practice.Test1 -->
