<?xml version="1.0" encoding="UTF-8"?>
<!-- Generated by org.testng.reporters.JUnitReportReporter -->
<testsuite hostname="hp" failures="0" tests="1" name="apractice.MakeMyTripTask1" time="8.406" errors="0" timestamp="2023-07-16T15:13:18 IST" skipped="0">
  <testcase classname="apractice.MakeMyTripTask1" name="test1" time="8.406"/>
  <system-out/>
</testsuite> <!-- apractice.MakeMyTripTask1 -->
