<?xml version="1.0" encoding="UTF-8"?>
<!-- Generated by org.testng.reporters.JUnitReportReporter -->
<testsuite hostname="hp" failures="0" tests="1" name="arrayPrograms.ArrayPrograms" time="0.006" errors="0" timestamp="2023-08-23T19:55:40 IST" skipped="0">
  <testcase classname="arrayPrograms.ArrayPrograms" name="additionOfTwoArray" time="0.006"/>
  <system-out/>
</testsuite> <!-- arrayPrograms.ArrayPrograms -->
