<?xml version="1.0" encoding="UTF-8"?>
<!-- Generated by org.testng.reporters.JUnitReportReporter -->
<testsuite hostname="hp" failures="0" tests="3" name="practice.DataProviderTest" time="0.008" errors="0" timestamp="2023-07-16T16:28:17 IST" skipped="0">
  <testcase classname="practice.DataProviderTest" name="readDataFromDataProvider" time="0.001"/>
  <system-out/>
  <testcase classname="practice.DataProviderTest" name="readDataFromDataProvider" time="0.005"/>
  <system-out/>
  <testcase classname="practice.DataProviderTest" name="readDataFromDataProvider" time="0.002"/>
  <system-out/>
</testsuite> <!-- practice.DataProviderTest -->
