<?xml version="1.0" encoding="UTF-8"?>
<!-- Generated by org.testng.reporters.JUnitReportReporter -->
<testsuite hostname="hp" failures="0" tests="1" name="StringPrograms.PrintDuplicateWithoutCount" time="0.006" errors="0" timestamp="2023-07-22T23:42:02 IST" skipped="0">
  <testcase classname="StringPrograms.PrintDuplicateWithoutCount" name="printDuplicateWithCount" time="0.006"/>
  <system-out/>
</testsuite> <!-- StringPrograms.PrintDuplicateWithoutCount -->
