<?xml version="1.0" encoding="UTF-8"?>
<!-- Generated by org.testng.reporters.JUnitReportReporter -->
<testsuite hostname="hp" failures="0" tests="1" name="assignmentPractice.SumofFirst3MinNumberInAnArraywithoutBBsort" time="0.008" errors="0" timestamp="2023-07-21T10:10:47 IST" skipped="0">
  <testcase classname="assignmentPractice.SumofFirst3MinNumberInAnArraywithoutBBsort" name="sort" time="0.008"/>
  <system-out/>
</testsuite> <!-- assignmentPractice.SumofFirst3MinNumberInAnArraywithoutBBsort -->
