<?xml version="1.0" encoding="UTF-8"?>
<!-- Generated by org.testng.reporters.JUnitReportReporter -->
<testsuite hostname="hp" failures="0" tests="1" name="StringPrograms.ReverseAString" time="0.008" errors="0" timestamp="2023-07-22T18:55:51 IST" skipped="0">
  <testcase classname="StringPrograms.ReverseAString" name="method4" time="0.008"/>
  <system-out/>
</testsuite> <!-- StringPrograms.ReverseAString -->
