<?xml version="1.0" encoding="UTF-8"?>
<!-- Generated by org.testng.reporters.JUnitReportReporter -->
<testsuite hostname="hp" failures="0" tests="1" name="StringPrograms.RemoveDuplicateWordsInAString" time="0.005" errors="0" timestamp="2023-07-20T17:13:24 IST" skipped="0">
  <testcase classname="StringPrograms.RemoveDuplicateWordsInAString" name="test1" time="0.005"/>
  <system-out/>
</testsuite> <!-- StringPrograms.RemoveDuplicateWordsInAString -->
