<?xml version="1.0" encoding="UTF-8"?>
<!-- Generated by org.testng.reporters.JUnitReportReporter -->
<testsuite hostname="hp" failures="0" tests="1" name="apractice.VerifyProjectIsCreated" time="0.863" errors="0" timestamp="2023-08-11T16:59:29 IST" skipped="0">
  <testcase classname="apractice.VerifyProjectIsCreated" name="FetchDataIntoDATAbase" time="0.863"/>
  <system-out/>
</testsuite> <!-- apractice.VerifyProjectIsCreated -->
