<?xml version="1.0" encoding="UTF-8"?>
<!-- Generated by org.testng.reporters.JUnitReportReporter -->
<testsuite hostname="hp" failures="0" tests="1" name="pattern.NuPattern2" time="0.006" errors="0" timestamp="2023-07-23T23:07:29 IST" skipped="0">
  <testcase classname="pattern.NuPattern2" name="test" time="0.006"/>
  <system-out/>
</testsuite> <!-- pattern.NuPattern2 -->
