<?xml version="1.0" encoding="UTF-8"?>
<!-- Generated by org.testng.reporters.JUnitReportReporter -->
<testsuite hostname="hp" failures="0" tests="1" name="StringPrograms.ReverseAWordInAString" time="0.010" errors="0" timestamp="2023-07-20T15:16:52 IST" skipped="0">
  <testcase classname="StringPrograms.ReverseAWordInAString" name="reverseAwordInAstringWithoutUsingSplit" time="0.010"/>
  <system-out/>
</testsuite> <!-- StringPrograms.ReverseAWordInAString -->
