<?xml version="1.0" encoding="UTF-8"?>
<!-- Generated by org.testng.reporters.JUnitReportReporter -->
<testsuite hostname="hp" failures="0" tests="1" name="apractice.BrokenLinks" time="0.008" errors="0" timestamp="2023-08-24T12:27:54 IST" skipped="0">
  <testcase classname="apractice.BrokenLinks" name="b" time="0.008"/>
  <system-out/>
</testsuite> <!-- apractice.BrokenLinks -->
