<?xml version="1.0" encoding="UTF-8"?>
<!-- Generated by org.testng.reporters.JUnitReportReporter -->
<testsuite hostname="hp" failures="0" tests="1" name="practice.Test1" time="0.008" errors="0" timestamp="2023-07-22T16:09:36 IST" skipped="0">
  <testcase classname="practice.Test1" name="method2" time="0.008"/>
  <system-out/>
</testsuite> <!-- practice.Test1 -->
