<?xml version="1.0" encoding="UTF-8"?>
<!-- Generated by org.testng.reporters.JUnitReportReporter -->
<testsuite hostname="hp" failures="0" tests="8" name="apractice.ExcelDataProviderTest" time="0.033" errors="0" timestamp="2023-08-10T09:22:32 IST" skipped="0">
  <testcase classname="apractice.ExcelDataProviderTest" name="getData" time="0.003"/>
  <system-out/>
  <testcase classname="apractice.ExcelDataProviderTest" name="getData" time="0.003"/>
  <system-out/>
  <testcase classname="apractice.ExcelDataProviderTest" name="getData" time="0.003"/>
  <system-out/>
  <testcase classname="apractice.ExcelDataProviderTest" name="getData" time="0.005"/>
  <system-out/>
  <testcase classname="apractice.ExcelDataProviderTest" name="getData" time="0.002"/>
  <system-out/>
  <testcase classname="apractice.ExcelDataProviderTest" name="getData" time="0.008"/>
  <system-out/>
  <testcase classname="apractice.ExcelDataProviderTest" name="getData" time="0.003"/>
  <system-out/>
  <testcase classname="apractice.ExcelDataProviderTest" name="getData" time="0.006"/>
  <system-out/>
</testsuite> <!-- apractice.ExcelDataProviderTest -->
