<?xml version="1.0" encoding="UTF-8"?>
<!-- Generated by org.testng.reporters.JUnitReportReporter -->
<testsuite hostname="hp" failures="0" tests="1" name="StringPrograms.ReverseAWordInAString" time="0.005" errors="0" timestamp="2023-08-09T16:19:44 IST" skipped="0">
  <testcase classname="StringPrograms.ReverseAWordInAString" name="reverseWordInaString" time="0.005"/>
  <system-out/>
</testsuite> <!-- StringPrograms.ReverseAWordInAString -->
