<?xml version="1.0" encoding="UTF-8"?>
<!-- Generated by org.testng.reporters.JUnitReportReporter -->
<testsuite hostname="hp" failures="0" tests="1" name="StringPrograms.ReverseAWordInAString" time="0.007" errors="0" timestamp="2023-08-23T12:38:27 IST" skipped="0">
  <testcase classname="StringPrograms.ReverseAWordInAString" name="reverseAwordInAStringMethod2" time="0.007"/>
  <system-out/>
</testsuite> <!-- StringPrograms.ReverseAWordInAString -->
