<?xml version="1.0" encoding="UTF-8"?>
<!-- Generated by org.testng.reporters.JUnitReportReporter -->
<testsuite hostname="hp" failures="0" tests="1" name="shiba.Test2" time="0.009" errors="0" timestamp="2023-07-24T13:15:10 IST" skipped="0">
  <testcase classname="shiba.Test2" name="method2" time="0.009"/>
  <system-out/>
</testsuite> <!-- shiba.Test2 -->
