<?xml version="1.0" encoding="UTF-8"?>
<!-- Generated by org.testng.reporters.JUnitReportReporter -->
<testsuite hostname="hp" failures="0" tests="1" name="StringPrograms.PrintOccuranceOfEachCharacterInAString" time="0.007" errors="0" timestamp="2023-07-20T10:44:24 IST" skipped="0">
  <testcase classname="StringPrograms.PrintOccuranceOfEachCharacterInAString" name="method2" time="0.007"/>
  <system-out/>
</testsuite> <!-- StringPrograms.PrintOccuranceOfEachCharacterInAString -->
