<?xml version="1.0" encoding="UTF-8"?>
<!-- Generated by org.testng.reporters.JUnitReportReporter -->
<testsuite hostname="hp" failures="0" tests="3" name="apractice.DataProviderTest" time="0.008" errors="0" timestamp="2023-08-28T20:39:47 IST" skipped="0">
  <testcase classname="apractice.DataProviderTest" name="bookTkt" time="0.002"/>
  <system-out/>
  <testcase classname="apractice.DataProviderTest" name="bookTkt" time="0.002"/>
  <system-out/>
  <testcase classname="apractice.DataProviderTest" name="bookTkt" time="0.004"/>
  <system-out/>
</testsuite> <!-- apractice.DataProviderTest -->
