<?xml version="1.0" encoding="UTF-8"?>
<!-- Generated by org.testng.reporters.JUnitReportReporter -->
<testsuite hostname="hp" failures="0" tests="1" name="assignmentPractice.Test1" time="0.005" errors="0" timestamp="2023-07-21T00:44:36 IST" skipped="0">
  <testcase classname="assignmentPractice.Test1" name="method2" time="0.005"/>
  <system-out/>
</testsuite> <!-- assignmentPractice.Test1 -->
