<?xml version="1.0" encoding="UTF-8"?>
<!-- Generated by org.testng.reporters.JUnitReportReporter -->
<testsuite hostname="hp" failures="0" tests="6" name="apractice.Test2" time="0.013" errors="0" timestamp="2023-08-25T19:52:15 IST" skipped="0">
  <testcase classname="apractice.Test2" name="b" time="0.007"/>
  <system-out/>
  <testcase classname="apractice.Test2" name="a" time="0.001"/>
  <system-out/>
  <testcase classname="apractice.Test2" name="c" time="0.002"/>
  <system-out/>
  <testcase classname="apractice.Test2" name="e" time="0.002"/>
  <system-out/>
  <testcase classname="apractice.Test2" name="d" time="0.001"/>
  <system-out/>
  <testcase classname="apractice.Test2" name="f" time="0.000"/>
  <system-out/>
</testsuite> <!-- apractice.Test2 -->
