<?xml version="1.0" encoding="UTF-8"?>
<!-- Generated by org.testng.reporters.JUnitReportReporter -->
<testsuite hostname="hp" failures="0" tests="1" name="apractice.BrokenLinks" time="0.012" errors="0" timestamp="2023-08-27T22:01:44 IST" skipped="0">
  <testcase classname="apractice.BrokenLinks" name="ab" time="0.012"/>
  <system-out/>
</testsuite> <!-- apractice.BrokenLinks -->
