<?xml version="1.0" encoding="UTF-8"?>
<!-- Generated by org.testng.reporters.JUnitReportReporter -->
<testsuite hostname="hp" failures="0" tests="1" name="shiba.Append" time="0.007" errors="0" timestamp="2023-07-24T19:18:02 IST" skipped="0">
  <testcase classname="shiba.Append" name="append" time="0.007"/>
  <system-out/>
</testsuite> <!-- shiba.Append -->
